2025-06-18 15:51:09,154 - User: tell me more about DPO requirement across asean in table format
2025-06-18 15:51:21,683 - AI: ## Data Protection Officer (DPO) Requirements Across ASEAN (Simplified Table)

This table provides a simplified overview of DPO requirements across ASEAN countries. **Please note that this is not exhaustive and laws are subject to change. Always consult the specific legislation and legal counsel for accurate and up-to-date information.**

| Country          | Data Protection Law                                      | DPO Requirement                                                                                                                                                                                                                                                                                                 | Key Considerations & Notes                                                                                                                                                                                                                                                                                                                                                                                                                                                                                                                                                      |
|-------------------|-----------------------------------------------------------|--------------------------------------------------------------------------------------------------------------------------------------------------------------------------------------------------------------------------------------------------------------------------------------------------------------------|----------------------------------------------------------------------------------------------------------------------------------------------------------------------------------------------------------------------------------------------------------------------------------------------------------------------------------------------------------------------------------------------------------------------------------------------------------------------------------------------------------------------------------------------------------------------------------------------------------------------------------------------------------------------------------------------------------------------------------|
| **Singapore**    | Personal Data Protection Act (PDPA)                       | **Not mandatory in all cases.**  Required for organizations that:  *   Are designated as a "Data Intermediary" (e.g., organizations processing data on behalf of others)  *   Are required by specific industry regulations.  *   **Recommended** for organizations handling large volumes of personal data or processing sensitive personal data. |  *   The PDPC (Personal Data Protection Commission) provides guidance on DPO roles and responsibilities.  *   Focus on accountability and organizational responsibility for data protection.  *   DPO can be an internal employee or an external consultant.  *   Emphasis on data breach notification and management.  *   **Important:** Even if not mandatory, organizations are expected to have someone responsible for data protection.                                                                                                                                                                                                                                                                                                                            |
| **Malaysia**     | Personal Data Protection Act (PDPA) 2010                   | **Not explicitly mandatory** but highly recommended, especially for organizations processing sensitive personal data or handling large volumes of personal data. The Act emphasizes accountability and responsible data handling.                                                                                    |  *   The Department of Personal Data Protection (JPDP) provides guidance.  *   Organizations are encouraged to appoint a person responsible for compliance.  *   DPO can be an internal employee or an external consultant.  *   Focus on data security, data breach notification, and individual rights.                                                                                                                                                                                                                                                                                                                                                                                                                       |
| **Thailand**     | Personal Data Protection Act (PDPA) B.E. 2562 (2019)       | **Mandatory** for organizations that process personal data, especially those that:  *   Process personal data on a large scale.  *   Process sensitive personal data (e.g., health, religious beliefs, criminal records).  *   Are public authorities.  *   **Exemptions may apply** to small businesses and certain types of data processing.                                                                                                                                                                                                          |  *   The PDPC (Personal Data Protection Committee) provides guidance.  *   DPO must be appointed in writing and registered with the PDPC.  *   DPO can be an internal employee or an external consultant.  *   DPO has specific responsibilities, including advising on data protection compliance, monitoring compliance, and cooperating with the PDPC.  *   Emphasis on data subject rights, consent, and cross-border data transfers.  *   **Important:**  Penalties for non-compliance are significant.                                                                                                                                                                                                                                                                                                                             |
| **Philippines**  | Data Privacy Act of 2012 (DPA)                            | **Mandatory** for organizations that process personal data, especially those that:  *   Employ at least 250 employees.  *   Process sensitive personal information.  *   Are public authorities.  *   **Exemptions may apply** based on the type of processing and the size of the organization.                                                                                                                                                                                                      |  *   The National Privacy Commission (NPC) provides guidance.  *   DPO must be appointed and registered with the NPC.  *   DPO can be an internal employee or an external consultant.  *   DPO has specific responsibilities, including ensuring compliance, handling data subject requests, and reporting data breaches.  *   Emphasis on data security, data breach notification, and data subject rights.  *   **Important:**  Penalties for non-compliance are significant.                                                                                                                                                                                                                                                                                                                             |
| **Indonesia**    | Law No. 27 of 2022 on Personal Data Protection (PDP Law) | **Mandatory** for data controllers and data processors.  The law aims to have a similar approach to GDPR, and it will significantly impact data protection practices.                                                                                                                                                                                                                                                                                                                                                                                       |  *   The implementation of the PDP Law is still in progress, and details on the specific requirements are being developed.  *   DPO responsibilities will likely include advising on data protection compliance, monitoring compliance, and cooperating with the relevant authorities.  *   Emphasis on data subject rights, consent, and cross-border data transfers.  *   **Important:**  The law introduces significant penalties for non-compliance.  *   The authorities are expected to issue further regulations.                                                                                                                                                                                                                                                                                                                                                                                        |
| **Vietnam**      | Decree No. 13/2023/ND-CP on Protection of Personal Data   | **Mandatory** for organizations that process personal data, especially those that:  *   Process a large amount of personal data.  *   Process sensitive personal data.  *   Process data that poses a high risk to individuals.  *   Are public authorities.  *   **Exemptions may apply** based on the type of processing and the size of the organization.                                                                                                                                                                                                      |  *   The Ministry of Public Security is responsible for overseeing data protection.  *   DPO must be appointed and registered with the relevant authority.  *   DPO can be an internal employee or an external consultant.  *   DPO has specific responsibilities, including ensuring compliance, handling data subject requests, and reporting data breaches.  *   Emphasis on data security, data breach notification, and data subject rights.  *   **Important:**  Penalties for non-compliance are significant.                                                                                                                                                                                                                                                                                                                             |
| **Brunei**       |  Personal Data Protection Order 2023                      | **Not explicitly mandatory** but highly recommended for organizations processing personal data, especially those handling sensitive data or large volumes of data.                                                                                                                                                                                                                                                                                                                                                                                          |  *   The order emphasizes accountability and responsible data handling.  *   Organizations are encouraged to appoint a person responsible for data protection.  *   DPO can be an internal employee or an external consultant.  *   Focus on data security, data breach notification, and individual rights.                                                                                                                                                                                                                                                                                                                                                                                                                       |
| **Cambodia**     |  Sub-decree on the Establishment of the National Committee for the Protection of Personal Data (2021) (and draft law)    | **Draft law in progress.** Currently, the sub-decree establishes the National Committee for the Protection of Personal Data, but the full legal framework is still developing.  It's highly likely that a DPO requirement will be included once the law is enacted.                                                                                                                                                                                                                                                                                                                                                                                                                                                                                                                                                           |  *   The draft law is expected to align with international data protection standards.  *   Organizations should prepare for the possibility of a DPO requirement.  *   Monitor developments in the legal framework.                                                                                                                                                                                                                                                                                                                                                                                                                                                                                                                                                 |
| **Laos**         |  No specific data protection law yet.  | **No mandatory DPO requirement.**  However, it's advisable to follow best practices and consider appointing a person responsible for data protection, especially if handling personal data.                                                                                                                                                                                                                                                                                                                                                                                        |  *   Monitor legal developments.  *   Consider adopting a proactive approach to data protection.                                                                                                                                                                                                                                                                                                                                                                                                                                                                                                                                                                                                                 |
| **Myanmar**      |  Electronic Transactions Law (2004) (and related regulations) | **Limited data protection provisions.**  The legal framework is still developing.  No explicit DPO requirement.  |  *   Monitor legal developments.  *   Consider adopting a proactive approach to data protection, especially if handling personal data.  *   Be aware of potential future regulations.                                                                                                                                                                                                                                                                                                                                                                                                                                                                                                                                                                                                                 |

**Key Takeaways:**

*   **Mandatory vs. Recommended:**  The presence of a mandatory DPO requirement varies significantly across ASEAN.
*   **Industry and Data Type:**  Even in countries where DPOs are not mandatory, they are often recommended or required based on the type and volume of data processed, as well as industry-specific regulations.
*   **Responsibility:**  Regardless of the legal requirements, organizations are generally expected to have someone responsible for data protection, even if it's not a formal DPO role.
*   **Legal Updates:**  Data protection laws are constantly evolving.  It's crucial to stay informed about the latest legal developments in each country.
*   **Expert Advice:**  Consulting with legal professionals specializing in data protection is essential to ensure compliance.

This table is a starting point. Always refer
2025-06-18 16:02:31,869 - User: tell me which country in asean does not has an equivalent level of personal data protection compare with Malaysia
2025-06-18 16:02:33,190 - AI: Based on general observations and reports, the ASEAN country that is often considered to have a weaker level of personal data protection compared to Malaysia is **Myanmar**.

While data protection laws and enforcement are evolving across ASEAN, Myanmar's legal framework and practical implementation of data protection are generally considered to be less developed than Malaysia's. Malaysia has a dedicated Personal Data Protection Act (PDPA) and an established regulatory body, while Myanmar's data protection landscape is still emerging.

2025-06-18 16:03:07,936 - User: how about taiwan?
2025-06-18 16:03:13,792 - AI: Taiwan is a fascinating and complex place! Here's a breakdown of some key aspects:

**Geography and Climate:**

*   **Island Nation:** Taiwan is an island off the coast of mainland China, separated by the Taiwan Strait.
*   **Mountains and Plains:** The island is dominated by rugged mountains, with fertile plains along the west coast.
*   **Subtropical Climate:** Taiwan experiences a subtropical climate with hot, humid summers and mild winters. Typhoons are common, especially during the summer and fall.

**Politics and History:**

*   **Disputed Status:** Taiwan's political status is complex and disputed. It is claimed by the People's Republic of China (PRC), which views Taiwan as a breakaway province. Taiwan, officially the Republic of China (ROC), has its own democratically elected government.
*   **Historical Background:**
    *   Originally inhabited by indigenous peoples.
    *   Colonized by the Dutch and Spanish.
    *   Ruled by the Qing Dynasty of China.
    *   Occupied by Japan (1895-1945).
    *   After World War II, the ROC government, led by the Kuomintang (KMT), retreated to Taiwan after losing the Chinese Civil War to the Communist Party of China (CPC).
*   **Democracy:** Taiwan has a thriving democracy with a multi-party system, free and fair elections, and a vibrant civil society.
*   **International Relations:** Taiwan has diplomatic relations with a limited number of countries. Many countries maintain unofficial relations through representative offices.

**Culture and Society:**

*   **Diverse Influences:** Taiwanese culture is a blend of indigenous, Chinese, Japanese, and Western influences.
*   **Language:** Mandarin Chinese is the official language. Taiwanese Hokkien, Hakka, and indigenous languages are also spoken.
*   **Food:** Taiwanese cuisine is renowned for its deliciousness and variety. Popular dishes include:
    *   Beef noodle soup
    *   Xiao long bao (soup dumplings)
    *   Bubble tea
    *   Night market snacks
*   **Religion:** Buddhism, Taoism, and folk religions are widely practiced. There is also a significant Christian population.
*   **People:** Taiwanese people are known for their hospitality, friendliness, and strong work ethic.

**Economy:**

*   **Developed Economy:** Taiwan has a highly developed, export-oriented economy.
*   **Technology Hub:** A major global hub for technology, particularly in the semiconductor industry.
*   **Key Industries:** Electronics, manufacturing, petrochemicals, and tourism.
*   **High GDP per capita:** Taiwan has a high standard of living.

**Things to Do and See:**

*   **Taipei:** The capital city, offering modern skyscrapers, historic temples, bustling night markets, and the iconic Taipei 101.
*   **Taroko Gorge:** A stunning national park with marble cliffs, tunnels, and hiking trails.
*   **Sun Moon Lake:** A beautiful lake surrounded by mountains.
*   **Night Markets:** Explore the vibrant night markets for food, shopping, and entertainment.
*   **Temples and Religious Sites:** Visit temples like Longshan Temple and Fo Guang Shan Monastery.
*   **Beaches and Coastal Scenery:** Enjoy the beaches and coastal scenery along the island.

**Challenges and Considerations:**

*   **Political Tensions:** The ongoing political tensions with China are a major factor.
*   **Natural Disasters:** Taiwan is prone to earthquakes and typhoons.
*   **Cost of Living:** The cost of living, particularly in major cities, can be high.

**In summary:** Taiwan is a vibrant, modern democracy with a rich culture, a strong economy, and stunning natural beauty. It's a fascinating place to visit and learn about.

Do you have any specific questions about Taiwan that you'd like me to answer? For example, are you interested in:

*   Visiting Taiwan?
*   Learning about its history?
*   Understanding its political situation?
*   Its culture?
*   Something else entirely?

2025-06-18 16:03:39,459 - User: who is president of taiwan
2025-06-18 16:03:40,178 - AI: The current president of Taiwan is **Lai Ching-te**. He was inaugurated on May 20, 2024.

2025-06-18 16:03:59,455 - User: is my last question related to PDPA?
2025-06-18 16:04:00,119 - AI: I am not able to determine if your last question is related to the Personal Data Protection Act (PDPA) without knowing what your last question was. Please provide the question so I can assess its relevance to the PDPA.

2025-06-18 16:04:16,716 - User: is the question "who is the president of taiwan" related to pdpa?
2025-06-18 16:04:18,068 - AI: No, the question "Who is the President of Taiwan?" is **not** related to the Personal Data Protection Act (PDPA).

The PDPA primarily deals with the collection, use, and protection of **personal data**. The question about the President of Taiwan is a question of general knowledge about a political figure. It doesn't involve any personal information that would be covered by data protection regulations.

2025-06-18 16:11:43,590 - User: is taiwan pdpa equivalant with singapore?
2025-06-18 16:11:49,969 - AI: While both Taiwan's Personal Data Protection Act (PDPA) and Singapore's Personal Data Protection Act (PDPA) aim to protect personal data, they are **not entirely equivalent**. They share similar goals and principles, but there are key differences in their scope, requirements, and enforcement.

Here's a breakdown of the similarities and differences:

**Similarities:**

*   **Purpose:** Both laws aim to protect individuals' personal data privacy.
*   **Principles:** Both are based on principles like:
    *   Data minimization (collecting only necessary data)
    *   Purpose limitation (using data only for specified purposes)
    *   Data security (protecting data from unauthorized access)
    *   Transparency (informing individuals about data collection and use)
    *   Individual rights (access, correction, etc.)
*   **Scope:** Both laws apply to organizations that collect, use, and disclose personal data.
*   **Individual Rights:** Both grant individuals rights to access, correct, and sometimes delete their personal data.

**Differences:**

*   **Scope of Application:**
    *   **Singapore PDPA:** Has a broader extraterritorial reach. It applies to organizations that are not physically in Singapore if they collect, use, or disclose personal data in Singapore.
    *   **Taiwan PDPA:** Generally applies to organizations within Taiwan, or to foreign organizations that collect, process, or use personal data of Taiwanese residents.
*   **Definition of Personal Data:** There might be slight differences in the specific definition of what constitutes personal data.
*   **Consent Requirements:** The specific requirements for obtaining consent from individuals may differ.
*   **Data Breach Notification:** The requirements for notifying data breaches, including timelines and content, may vary.
*   **Enforcement and Penalties:**
    *   **Singapore PDPA:** The Personal Data Protection Commission (PDPC) is the main enforcement body. Penalties can be significant, including fines and directions to cease data processing.
    *   **Taiwan PDPA:** The competent authority is the Ministry of Digital Affairs (MODA). Penalties also include fines and the possibility of criminal charges in some cases.
*   **Specific Exemptions:** Both laws have specific exemptions (e.g., for journalistic purposes, public health). The specific exemptions and their scope may differ.
*   **Data Transfer:** The rules for transferring personal data across borders might have variations. Singapore has established a framework for transferring data to countries with similar data protection standards, while Taiwan may have different requirements.
*   **Governmental Authority:** Singapore's PDPC has broader powers in issuing codes of practice and guidance to businesses. Taiwan's MODA also has powers, but the specific powers and their exercise might differ.

**In Summary:**

While both the Taiwan PDPA and the Singapore PDPA are important data protection laws, they are not identical. Organizations operating in both jurisdictions need to understand the specific requirements of each law to ensure compliance. It is crucial to consult the actual legislation and seek legal advice to ensure full compliance.

2025-06-18 16:12:10,736 - User: who is taiwan president
2025-06-18 16:12:10,737 - AI: I apologize, but I can only assist with questions related to:
- Personal Data Protection Act (PDPA)
- Data privacy regulations
- Data protection best practices
- Compliance requirements
- Data subject rights

Please rephrase your question to focus on these topics.
2025-06-18 16:12:21,756 - User: who approve the latest changes to taiwan pdpa
2025-06-18 16:12:22,532 - AI: The latest changes to Taiwan's Personal Data Protection Act (PDPA) were approved by the **Legislative Yuan (立法院)**, which is the unicameral legislature of Taiwan.

2025-06-18 16:12:30,397 - User: when was it ?
2025-06-18 16:12:30,398 - AI: I apologize, but I can only assist with questions related to:
- Personal Data Protection Act (PDPA)
- Data privacy regulations
- Data protection best practices
- Compliance requirements
- Data subject rights

Please rephrase your question to focus on these topics.
2025-06-18 16:17:17,656 - User: tell me more about the date malaysia pdpa get last updated
2025-06-18 16:17:22,366 - AI: The Personal Data Protection Act 2010 (PDPA) in Malaysia **does not have a fixed "last updated" date in the same way a software update does.** It's a law, and it's subject to ongoing interpretation, amendments, and the issuance of guidelines and decisions by the Personal Data Protection Commissioner (PDPC).

Here's a breakdown of what you should know about the PDPA's "up-to-date" status:

*   **The Act Itself:** The core legislation, the Personal Data Protection Act 2010, was passed in 2010. However, it's not a static document.

*   **Amendments:** The PDPA can be amended by Parliament. While there haven't been major overhauls, there might be specific amendments to address new challenges or clarify certain provisions.

*   **Guidelines and Directives:** The Personal Data Protection Commissioner (PDPC), which is the regulatory body, issues guidelines, codes of practice, and directives to provide practical guidance on how to comply with the PDPA. These are frequently updated to reflect the latest interpretations, best practices, and technological advancements.

*   **Case Law and Decisions:** Court decisions and rulings by the PDPC also play a crucial role. These decisions interpret the PDPA and set precedents, influencing how the law is applied in specific situations. These are constantly evolving.

*   **Staying Informed:** To stay current with the PDPA, you need to:
    *   **Regularly check the official website of the Department of Personal Data Protection (JPDP):** This is the primary source for the latest guidelines, notices, and updates.
    *   **Follow legal publications and newsletters:** Legal professionals and industry publications often provide summaries of new developments in data protection law.
    *   **Attend seminars and training:** This helps you understand the latest interpretations and best practices.

**In summary:** While the PDPA was enacted in 2010, it's a living law. The most up-to-date information is found in the guidelines, decisions, and interpretations issued by the PDPC and the courts. You need to actively monitor these sources to stay informed about the latest developments.
2025-06-18 16:18:03,255 - User: when was the DPO requirement get updated?
2025-06-18 16:18:03,256 - AI: I apologize, but I can only assist with questions related to:
- Personal Data Protection Act (PDPA)
- Data privacy regulations
- Data protection best practices
- Compliance requirements
- Data subject rights

Please rephrase your question to focus on these topics.
